#
# There is insufficient memory for the Java Runtime Environment to continue.
# Native memory allocation (malloc) failed to allocate 920176 bytes for Chunk::new
# Possible reasons:
#   The system is out of physical RAM or swap space
#   The process is running with CompressedOops enabled, and the Java Heap may be blocking the growth of the native heap
# Possible solutions:
#   Reduce memory load on the system
#   Increase physical memory or swap space
#   Check if swap backing store is full
#   Decrease Java heap size (-Xmx/-Xms)
#   Decrease number of Java threads
#   Decrease Java thread stack sizes (-Xss)
#   Set larger code cache with -XX:ReservedCodeCacheSize=
#   JVM is running with Zero Based Compressed Oops mode in which the Java heap is
#     placed in the first 32GB address space. The Java Heap base address is the
#     maximum limit for the native heap growth. Please use -XX:HeapBaseMinAddress
#     to set the Java Heap base and to place the Java Heap above 32GB virtual address.
# This output file may be truncated or incomplete.
#
#  Out of Memory Error (./open/src/hotspot/share/memory/arena.cpp:195), pid=120648, tid=125944
#
# JRE version: OpenJDK Runtime Environment (15.0+36) (build 15+36-1562)
# Java VM: OpenJDK 64-Bit Server VM (15+36-1562, mixed mode, sharing, tiered, compressed oops, g1 gc, windows-amd64)
# No core dump will be written. Minidumps are not enabled by default on client versions of Windows
#

---------------  S U M M A R Y ------------

Command Line: -javaagent:C:\Program Files\JetBrains\IntelliJ IDEA Community Edition 2020.2.2\lib\idea_rt.jar=62789:C:\Program Files\JetBrains\IntelliJ IDEA Community Edition 2020.2.2\bin -Dfile.encoding=UTF-8 GamingLads.discoveryserver.DiscoveryServerApplication

Host: AMD Ryzen 5 2600 Six-Core Processor            , 12 cores, 15G,  Windows 10 , 64 bit Build 19041 (10.0.19041.546)
Time: Tue Dec  1 12:00:57 2020 W. Europe Standard Time elapsed time: 7.319592 seconds (0d 0h 0m 7s)

---------------  T H R E A D  ---------------

Current thread (0x000001c6e169c4b0):  JavaThread "C2 CompilerThread1" daemon [_thread_in_native, id=125944, stack(0x0000001469a00000,0x0000001469b00000)]


Current CompileTask:
C2:   7319 3305       4       org.springframework.beans.factory.support.AbstractBeanFactory::isTypeMatch (607 bytes)

Stack: [0x0000001469a00000,0x0000001469b00000]
Native frames: (J=compiled Java code, j=interpreted, Vv=VM code, C=native code)
V  [jvm.dll+0x629eaa]
V  [jvm.dll+0x780379]
V  [jvm.dll+0x781ad3]
V  [jvm.dll+0x782133]
V  [jvm.dll+0x2159d5]
V  [jvm.dll+0x9794a]
V  [jvm.dll+0x9802c]
V  [jvm.dll+0x32dbd8]
V  [jvm.dll+0x18db3a]
V  [jvm.dll+0x1e9ef2]
V  [jvm.dll+0x1e903e]
V  [jvm.dll+0x177f17]
V  [jvm.dll+0x1f88f5]
V  [jvm.dll+0x1f699c]
V  [jvm.dll+0x74384d]
V  [jvm.dll+0x73c64a]
V  [jvm.dll+0x628d16]
C  [ucrtbase.dll+0x214c2]
C  [KERNEL32.DLL+0x17034]
C  [ntdll.dll+0x4cec1]


---------------  P R O C E S S  ---------------

Threads class SMR info:
_java_thread_list=0x000001c6e18053f0, length=13, elements={
0x000001c6bbc79d90, 0x000001c6df7cbcf0, 0x000001c6df7cc8c0, 0x000001c6df7e1ac0,
0x000001c6df7e4580, 0x000001c6df7e6f40, 0x000001c6df7e7c20, 0x000001c6df7e96d0,
0x000001c6df7ea0c0, 0x000001c6df7b0710, 0x000001c6e08cbc10, 0x000001c6e08d2950,
0x000001c6e169c4b0
}

Java Threads: ( => current thread )
  0x000001c6bbc79d90 JavaThread "main" [_thread_in_native, id=111436, stack(0x0000001468100000,0x0000001468200000)]
  0x000001c6df7cbcf0 JavaThread "Reference Handler" daemon [_thread_blocked, id=124696, stack(0x0000001468800000,0x0000001468900000)]
  0x000001c6df7cc8c0 JavaThread "Finalizer" daemon [_thread_blocked, id=107500, stack(0x0000001468900000,0x0000001468a00000)]
  0x000001c6df7e1ac0 JavaThread "Signal Dispatcher" daemon [_thread_blocked, id=121600, stack(0x0000001468a00000,0x0000001468b00000)]
  0x000001c6df7e4580 JavaThread "Attach Listener" daemon [_thread_blocked, id=125572, stack(0x0000001468b00000,0x0000001468c00000)]
  0x000001c6df7e6f40 JavaThread "Service Thread" daemon [_thread_blocked, id=130356, stack(0x0000001468c00000,0x0000001468d00000)]
  0x000001c6df7e7c20 JavaThread "C2 CompilerThread0" daemon [_thread_in_native, id=125612, stack(0x0000001468d00000,0x0000001468e00000)]
  0x000001c6df7e96d0 JavaThread "C1 CompilerThread0" daemon [_thread_blocked, id=137464, stack(0x0000001468e00000,0x0000001468f00000)]
  0x000001c6df7ea0c0 JavaThread "Sweeper thread" daemon [_thread_blocked, id=127728, stack(0x0000001468f00000,0x0000001469000000)]
  0x000001c6df7b0710 JavaThread "Common-Cleaner" daemon [_thread_blocked, id=122596, stack(0x0000001469000000,0x0000001469100000)]
  0x000001c6e08cbc10 JavaThread "Monitor Ctrl-Break" daemon [_thread_in_native, id=131140, stack(0x0000001469300000,0x0000001469400000)]
  0x000001c6e08d2950 JavaThread "Notification Thread" daemon [_thread_blocked, id=109328, stack(0x0000001469400000,0x0000001469500000)]
=>0x000001c6e169c4b0 JavaThread "C2 CompilerThread1" daemon [_thread_in_native, id=125944, stack(0x0000001469a00000,0x0000001469b00000)]

Other Threads:
  0x000001c6df7c5460 VMThread "VM Thread" [stack: 0x0000001468700000,0x0000001468800000] [id=118688]
  0x000001c6e08cc0e0 WatcherThread [stack: 0x0000001469500000,0x0000001469600000] [id=125524]
  0x000001c6bbcca110 GCTaskThread "GC Thread#0" [stack: 0x0000001468200000,0x0000001468300000] [id=106160]
  0x000001c6e0915080 GCTaskThread "GC Thread#1" [stack: 0x0000001469200000,0x0000001469300000] [id=130336]
  0x000001c6e0911720 GCTaskThread "GC Thread#2" [stack: 0x0000001469600000,0x0000001469700000] [id=128412]
  0x000001c6e0911a50 GCTaskThread "GC Thread#3" [stack: 0x0000001469700000,0x0000001469800000] [id=122728]
  0x000001c6e0911d80 GCTaskThread "GC Thread#4" [stack: 0x0000001469800000,0x0000001469900000] [id=126112]
  0x000001c6e0912d70 GCTaskThread "GC Thread#5" [stack: 0x0000001469900000,0x0000001469a00000] [id=108760]
  0x000001c6bbcdb1a0 ConcurrentGCThread "G1 Main Marker" [stack: 0x0000001468300000,0x0000001468400000] [id=138208]
  0x000001c6bbcdbd90 ConcurrentGCThread "G1 Conc#0" [stack: 0x0000001468400000,0x0000001468500000] [id=131568]
  0x000001c6e0914090 ConcurrentGCThread "G1 Conc#1" [stack: 0x0000001469b00000,0x0000001469c00000] [id=114528]
  0x000001c6e09143c0 ConcurrentGCThread "G1 Conc#2" [stack: 0x0000001469c00000,0x0000001469d00000] [id=113524]
  0x000001c6bbd2e200 ConcurrentGCThread "G1 Refine#0" [stack: 0x0000001468500000,0x0000001468600000] [id=130372]
  0x000001c6df6bc120 ConcurrentGCThread "G1 Young RemSet Sampling" [stack: 0x0000001468600000,0x0000001468700000] [id=100152]

Threads with active compile tasks:
C2 CompilerThread0     7343 3290   !   4       java.net.URL::<init> (543 bytes)
C2 CompilerThread1     7343 3305       4       org.springframework.beans.factory.support.AbstractBeanFactory::isTypeMatch (607 bytes)

VM state: not at safepoint (normal execution)

VM Mutex/Monitor currently owned by a thread: None

Heap address: 0x0000000700c00000, size: 4084 MB, Compressed Oops mode: Zero based, Oop shift amount: 3
CDS archive(s) mapped at: [0x0000000800000000-0x0000000800b50000-0x0000000800b50000), size 11862016, SharedBaseAddress: 0x0000000800000000, ArchiveRelocationMode: 0.
Compressed class space mapped at: 0x0000000800b50000-0x0000000840b50000, size: 1073741824
Narrow klass base: 0x0000000800000000, Narrow klass shift: 3, Narrow klass range: 0x100000000

GC Precious Log:
 CPUs: 12 total, 12 available
 Memory: 16332M
 Large Page Support: Disabled
 NUMA Support: Disabled
 Compressed Oops: Enabled (Zero based)
 Heap Region Size: 2M
 Heap Min Capacity: 8M
 Heap Initial Capacity: 256M
 Heap Max Capacity: 4084M
 Pre-touch: Disabled
 Parallel Workers: 10
 Concurrent Workers: 3
 Concurrent Refinement Workers: 10
 Periodic GC: Disabled

Heap:
 garbage-first heap   total 55296K, used 24923K [0x0000000700c00000, 0x0000000800000000)
  region size 2048K, 10 young (20480K), 3 survivors (6144K)
 Metaspace       used 22577K, capacity 22897K, committed 23036K, reserved 1069056K
  class space    used 2693K, capacity 2806K, committed 2816K, reserved 1048576K

Heap Regions: E=young(eden), S=young(survivor), O=old, HS=humongous(starts), HC=humongous(continues), CS=collection set, F=free, OA=open archive, CA=closed archive, TAMS=top-at-mark-start (previous, next)
|   0|0x0000000700c00000, 0x0000000700e00000, 0x0000000700e00000|100%| O|  |TAMS 0x0000000700e00000, 0x0000000700c00000| Untracked 
|   1|0x0000000700e00000, 0x0000000701000000, 0x0000000701000000|100%| O|  |TAMS 0x0000000701000000, 0x0000000700e00000| Untracked 
|   2|0x0000000701000000, 0x0000000701200000, 0x0000000701200000|100%| O|  |TAMS 0x0000000701200000, 0x0000000701000000| Untracked 
|   3|0x0000000701200000, 0x0000000701296400, 0x0000000701400000| 29%| O|  |TAMS 0x0000000701296400, 0x0000000701200000| Untracked 
|   4|0x0000000701400000, 0x0000000701400000, 0x0000000701600000|  0%| F|  |TAMS 0x0000000701400000, 0x0000000701400000| Untracked 
|   5|0x0000000701600000, 0x0000000701600000, 0x0000000701800000|  0%| F|  |TAMS 0x0000000701600000, 0x0000000701600000| Untracked 
|   6|0x0000000701800000, 0x0000000701800000, 0x0000000701a00000|  0%| F|  |TAMS 0x0000000701800000, 0x0000000701800000| Untracked 
|   7|0x0000000701a00000, 0x0000000701a00000, 0x0000000701c00000|  0%| F|  |TAMS 0x0000000701a00000, 0x0000000701a00000| Untracked 
|   8|0x0000000701c00000, 0x0000000701c00000, 0x0000000701e00000|  0%| F|  |TAMS 0x0000000701c00000, 0x0000000701c00000| Untracked 
|   9|0x0000000701e00000, 0x0000000701e00000, 0x0000000702000000|  0%| F|  |TAMS 0x0000000701e00000, 0x0000000701e00000| Untracked 
|  10|0x0000000702000000, 0x0000000702000000, 0x0000000702200000|  0%| F|  |TAMS 0x0000000702000000, 0x0000000702000000| Untracked 
|  11|0x0000000702200000, 0x0000000702200000, 0x0000000702400000|  0%| F|  |TAMS 0x0000000702200000, 0x0000000702200000| Untracked 
|  12|0x0000000702400000, 0x0000000702400000, 0x0000000702600000|  0%| F|  |TAMS 0x0000000702400000, 0x0000000702400000| Untracked 
|  13|0x0000000702600000, 0x0000000702600000, 0x0000000702800000|  0%| F|  |TAMS 0x0000000702600000, 0x0000000702600000| Untracked 
|  14|0x0000000702800000, 0x0000000702800000, 0x0000000702a00000|  0%| F|  |TAMS 0x0000000702800000, 0x0000000702800000| Untracked 
|  15|0x0000000702a00000, 0x0000000702a00000, 0x0000000702c00000|  0%| F|  |TAMS 0x0000000702a00000, 0x0000000702a00000| Untracked 
|  16|0x0000000702c00000, 0x0000000702c00000, 0x0000000702e00000|  0%| F|  |TAMS 0x0000000702c00000, 0x0000000702c00000| Untracked 
|  17|0x0000000702e00000, 0x0000000703000000, 0x0000000703000000|100%| E|  |TAMS 0x0000000702e00000, 0x0000000702e00000| Complete 
|  18|0x0000000703000000, 0x0000000703200000, 0x0000000703200000|100%| E|CS|TAMS 0x0000000703000000, 0x0000000703000000| Complete 
|  19|0x0000000703200000, 0x0000000703400000, 0x0000000703400000|100%| E|CS|TAMS 0x0000000703200000, 0x0000000703200000| Complete 
|  20|0x0000000703400000, 0x0000000703600000, 0x0000000703600000|100%| E|CS|TAMS 0x0000000703400000, 0x0000000703400000| Complete 
|  21|0x0000000703600000, 0x0000000703800000, 0x0000000703800000|100%| E|CS|TAMS 0x0000000703600000, 0x0000000703600000| Complete 
|  22|0x0000000703800000, 0x0000000703a00000, 0x0000000703a00000|100%| E|CS|TAMS 0x0000000703800000, 0x0000000703800000| Complete 
| 111|0x000000070ea00000, 0x000000070ebc0b60, 0x000000070ec00000| 87%| S|CS|TAMS 0x000000070ea00000, 0x000000070ea00000| Complete 
| 112|0x000000070ec00000, 0x000000070ee00000, 0x000000070ee00000|100%| S|CS|TAMS 0x000000070ec00000, 0x000000070ec00000| Complete 
| 113|0x000000070ee00000, 0x000000070f000000, 0x000000070f000000|100%| S|CS|TAMS 0x000000070ee00000, 0x000000070ee00000| Complete 
| 127|0x0000000710a00000, 0x0000000710c00000, 0x0000000710c00000|100%| E|CS|TAMS 0x0000000710a00000, 0x0000000710a00000| Complete 

Card table byte_map: [0x000001c6d3bf0000,0x000001c6d43f0000] _byte_map_base: 0x000001c6d03ea000

Marking Bits (Prev, Next): (CMBitMap*) 0x000001c6bbcca940, (CMBitMap*) 0x000001c6bbcca900
 Prev Bits: [0x000001c6d8bc0000, 0x000001c6dcb90000)
 Next Bits: [0x000001c6d4bf0000, 0x000001c6d8bc0000)

Polling page: 0x000001c6b9c40000

Metaspace:

Usage:
  Non-class:     19.62 MB capacity,    19.42 MB ( 99%) used,   173.09 KB ( <1%) free+waste,    33.19 KB ( <1%) overhead. 
      Class:      2.74 MB capacity,     2.63 MB ( 96%) used,    99.66 KB (  4%) free+waste,    13.19 KB ( <1%) overhead. 
       Both:     22.36 MB capacity,    22.05 MB ( 99%) used,   272.76 KB (  1%) free+waste,    46.38 KB ( <1%) overhead. 

Virtual space:
  Non-class space:       20.00 MB reserved,      19.75 MB ( 99%) committed 
      Class space:        1.00 GB reserved,       2.75 MB ( <1%) committed 
             Both:        1.02 GB reserved,      22.50 MB (  2%) committed 

Chunk freelists:
   Non-Class:  5.00 KB
       Class:  10.00 KB
        Both:  15.00 KB

MaxMetaspaceSize: 17179869184.00 GB
CompressedClassSpaceSize: 1.00 GB

CodeHeap 'non-profiled nmethods': size=120000Kb used=1779Kb max_used=1779Kb free=118220Kb
 bounds [0x000001c6cb950000, 0x000001c6cbbc0000, 0x000001c6d2e80000]
CodeHeap 'profiled nmethods': size=120000Kb used=6873Kb max_used=6873Kb free=113126Kb
 bounds [0x000001c6c4420000, 0x000001c6c4ae0000, 0x000001c6cb950000]
CodeHeap 'non-nmethods': size=5760Kb used=1214Kb max_used=1280Kb free=4545Kb
 bounds [0x000001c6c3e80000, 0x000001c6c40f0000, 0x000001c6c4420000]
 total_blobs=3840 nmethods=3363 adapters=389
 compilation: enabled
              stopped_count=0, restarted_count=0
 full_count=0

Compilation events (20 events):
Event: 7.158 Thread 0x000001c6df7e96d0 nmethod 3356 0x000001c6cbb0c290 code [0x000001c6cbb0c420, 0x000001c6cbb0c4d8]
Event: 7.215 Thread 0x000001c6df7e96d0 3357  s    1       java.lang.StringBuffer::length (5 bytes)
Event: 7.215 Thread 0x000001c6df7e96d0 nmethod 3357 0x000001c6cbb0c590 code [0x000001c6cbb0c720, 0x000001c6cbb0c878]
Event: 7.279 Thread 0x000001c6df7e96d0 3358       3       org.springframework.asm.ByteVector::putByte (39 bytes)
Event: 7.279 Thread 0x000001c6df7e96d0 nmethod 3358 0x000001c6c4ac6090 code [0x000001c6c4ac6240, 0x000001c6c4ac6428]
Event: 7.279 Thread 0x000001c6df7e96d0 3359       3       org.springframework.asm.Frame::execute (2305 bytes)
Event: 7.286 Thread 0x000001c6df7e96d0 nmethod 3359 0x000001c6c4ac6590 code [0x000001c6c4ac72c0, 0x000001c6c4acd798]
Event: 7.286 Thread 0x000001c6df7e96d0 3360       3       org.springframework.asm.Frame::merge (317 bytes)
Event: 7.287 Thread 0x000001c6df7e96d0 nmethod 3360 0x000001c6c4acf390 code [0x000001c6c4acf5a0, 0x000001c6c4acfec8]
Event: 7.287 Thread 0x000001c6df7e96d0 3364       3       org.springframework.asm.ByteVector::putShort (52 bytes)
Event: 7.288 Thread 0x000001c6df7e96d0 nmethod 3364 0x000001c6c4ad0110 code [0x000001c6c4ad02c0, 0x000001c6c4ad04c8]
Event: 7.288 Thread 0x000001c6df7e96d0 3362       3       org.springframework.asm.SymbolTable::get (13 bytes)
Event: 7.288 Thread 0x000001c6df7e96d0 nmethod 3362 0x000001c6c4ad0610 code [0x000001c6c4ad07a0, 0x000001c6c4ad08f8]
Event: 7.288 Thread 0x000001c6df7e96d0 3363       3       org.springframework.asm.SymbolTable::hash (10 bytes)
Event: 7.288 Thread 0x000001c6df7e96d0 nmethod 3363 0x000001c6c4ad0a10 code [0x000001c6c4ad0bc0, 0x000001c6c4ad0ce8]
Event: 7.288 Thread 0x000001c6df7e96d0 3361       3       org.springframework.asm.Label::getCanonicalInstance (19 bytes)
Event: 7.288 Thread 0x000001c6df7e96d0 nmethod 3361 0x000001c6c4ad0e10 code [0x000001c6c4ad0fa0, 0x000001c6c4ad1118]
Event: 7.316 Thread 0x000001c6df7e96d0 3365       3       org.springframework.asm.Frame::push (109 bytes)
Event: 7.317 Thread 0x000001c6df7e96d0 nmethod 3365 0x000001c6c4ad1210 code [0x000001c6c4ad13e0, 0x000001c6c4ad1988]
Event: 7.317 Thread 0x000001c6df7e96d0 3366       3       org.springframework.asm.Frame::merge (395 bytes)

GC Heap History (8 events):
Event: 1.330 GC heap before
{Heap before GC invocations=0 (full 0):
 garbage-first heap   total 262144K, used 20480K [0x0000000700c00000, 0x0000000800000000)
  region size 2048K, 11 young (22528K), 0 survivors (0K)
 Metaspace       used 3950K, capacity 5926K, committed 6016K, reserved 1056768K
  class space    used 389K, capacity 566K, committed 640K, reserved 1048576K
}
Event: 1.343 GC heap after
{Heap after GC invocations=1 (full 0):
 garbage-first heap   total 262144K, used 6746K [0x0000000700c00000, 0x0000000800000000)
  region size 2048K, 2 young (4096K), 2 survivors (4096K)
 Metaspace       used 3950K, capacity 5926K, committed 6016K, reserved 1056768K
  class space    used 389K, capacity 566K, committed 640K, reserved 1048576K
}
Event: 2.845 GC heap before
{Heap before GC invocations=1 (full 0):
 garbage-first heap   total 262144K, used 27226K [0x0000000700c00000, 0x0000000800000000)
  region size 2048K, 13 young (26624K), 2 survivors (4096K)
 Metaspace       used 10126K, capacity 10447K, committed 10496K, reserved 1058816K
  class space    used 1164K, capacity 1242K, committed 1280K, reserved 1048576K
}
Event: 2.852 GC heap after
{Heap after GC invocations=2 (full 0):
 garbage-first heap   total 262144K, used 8389K [0x0000000700c00000, 0x0000000800000000)
  region size 2048K, 1 young (2048K), 1 survivors (2048K)
 Metaspace       used 10126K, capacity 10447K, committed 10496K, reserved 1058816K
  class space    used 1164K, capacity 1242K, committed 1280K, reserved 1048576K
}
Event: 5.276 GC heap before
{Heap before GC invocations=2 (full 0):
 garbage-first heap   total 262144K, used 59589K [0x0000000700c00000, 0x0000000800000000)
  region size 2048K, 26 young (53248K), 1 survivors (2048K)
 Metaspace       used 19033K, capacity 19338K, committed 19456K, reserved 1067008K
  class space    used 2205K, capacity 2295K, committed 2304K, reserved 1048576K
}
Event: 5.282 GC heap after
{Heap after GC invocations=3 (full 0):
 garbage-first heap   total 262144K, used 11577K [0x0000000700c00000, 0x0000000800000000)
  region size 2048K, 3 young (6144K), 3 survivors (6144K)
 Metaspace       used 19033K, capacity 19338K, committed 19456K, reserved 1067008K
  class space    used 2205K, capacity 2295K, committed 2304K, reserved 1048576K
}
Event: 6.446 GC heap before
{Heap before GC invocations=3 (full 0):
 garbage-first heap   total 262144K, used 38201K [0x0000000700c00000, 0x0000000800000000)
  region size 2048K, 17 young (34816K), 3 survivors (6144K)
 Metaspace       used 20891K, capacity 21202K, committed 21248K, reserved 1069056K
  class space    used 2448K, capacity 2543K, committed 2560K, reserved 1048576K
}
Event: 6.451 GC heap after
{Heap after GC invocations=4 (full 0):
 garbage-first heap   total 262144K, used 12635K [0x0000000700c00000, 0x0000000800000000)
  region size 2048K, 3 young (6144K), 3 survivors (6144K)
 Metaspace       used 20891K, capacity 21202K, committed 21248K, reserved 1069056K
  class space    used 2448K, capacity 2543K, committed 2560K, reserved 1048576K
}

Deoptimization events (20 events):
Event: 6.070 Thread 0x000001c6bbc79d90 Uncommon trap: trap_request=0xffffffbe fr.pc=0x000001c6cbab9ab0 relative=0x0000000000001070
Event: 6.070 Thread 0x000001c6bbc79d90 Uncommon trap: reason=profile_predicate action=maybe_recompile pc=0x000001c6cbab9ab0 method=org.springframework.core.annotation.MergedAnnotationsCollection.find(Ljava/lang/Object;Ljava/util/function/Predicate;Lorg/springframework/core/annotation/MergedAnn
Event: 6.070 Thread 0x000001c6bbc79d90 DEOPT PACKING pc=0x000001c6cbab9ab0 sp=0x00000014681fe970
Event: 6.070 Thread 0x000001c6bbc79d90 DEOPT UNPACKING pc=0x000001c6c3ece42f sp=0x00000014681fe940 mode 2
Event: 6.232 Thread 0x000001c6bbc79d90 Uncommon trap: trap_request=0xffffffcc fr.pc=0x000001c6cbacd9d8 relative=0x0000000000000338
Event: 6.232 Thread 0x000001c6bbc79d90 Uncommon trap: reason=intrinsic_or_type_checked_inlining action=make_not_entrant pc=0x000001c6cbacd9d8 method=java.util.Arrays.copyOf([Ljava/lang/Object;ILjava/lang/Class;)[Ljava/lang/Object; @ 35 c2
Event: 6.232 Thread 0x000001c6bbc79d90 DEOPT PACKING pc=0x000001c6cbacd9d8 sp=0x00000014681fe200
Event: 6.232 Thread 0x000001c6bbc79d90 DEOPT UNPACKING pc=0x000001c6c3ece42f sp=0x00000014681fe190 mode 2
Event: 6.702 Thread 0x000001c6bbc79d90 Uncommon trap: trap_request=0xffffff45 fr.pc=0x000001c6cbaef458 relative=0x0000000000002a58
Event: 6.702 Thread 0x000001c6bbc79d90 Uncommon trap: reason=unstable_if action=reinterpret pc=0x000001c6cbaef458 method=org.springframework.beans.factory.support.AbstractBeanFactory.isTypeMatch(Ljava/lang/String;Lorg/springframework/core/ResolvableType;Z)Z @ 354 c2
Event: 6.702 Thread 0x000001c6bbc79d90 DEOPT PACKING pc=0x000001c6cbaef458 sp=0x00000014681fe550
Event: 6.702 Thread 0x000001c6bbc79d90 DEOPT UNPACKING pc=0x000001c6c3ece42f sp=0x00000014681fe568 mode 2
Event: 6.769 Thread 0x000001c6bbc79d90 Uncommon trap: trap_request=0xfffffff4 fr.pc=0x000001c6cbaf867c relative=0x000000000000103c
Event: 6.769 Thread 0x000001c6bbc79d90 Uncommon trap: reason=null_check action=make_not_entrant pc=0x000001c6cbaf867c method=java.lang.Class.isAnnotation()Z @ 1 c2
Event: 6.769 Thread 0x000001c6bbc79d90 DEOPT PACKING pc=0x000001c6cbaf867c sp=0x00000014681fea80
Event: 6.769 Thread 0x000001c6bbc79d90 DEOPT UNPACKING pc=0x000001c6c3ece42f sp=0x00000014681fe980 mode 2
Event: 6.946 Thread 0x000001c6bbc79d90 Uncommon trap: trap_request=0xffffff45 fr.pc=0x000001c6cbb03474 relative=0x0000000000000114
Event: 6.946 Thread 0x000001c6bbc79d90 Uncommon trap: reason=unstable_if action=reinterpret pc=0x000001c6cbb03474 method=org.springframework.core.annotation.TypeMappedAnnotation.adaptForAttribute(Ljava/lang/reflect/Method;Ljava/lang/Object;)Ljava/lang/Object; @ 78 c2
Event: 6.946 Thread 0x000001c6bbc79d90 DEOPT PACKING pc=0x000001c6cbb03474 sp=0x00000014681fe9d0
Event: 6.946 Thread 0x000001c6bbc79d90 DEOPT UNPACKING pc=0x000001c6c3ece42f sp=0x00000014681fe920 mode 2

Classes unloaded (0 events):
No events

Classes redefined (0 events):
No events

Internal exceptions (20 events):
Event: 3.473 Thread 0x000001c6bbc79d90 Exception <a 'java/lang/NoSuchMethodError'{0x000000070f45bdf0}: 'void java.lang.invoke.DirectMethodHandle$Holder.invokeInterface(java.lang.Object, java.lang.Object, java.lang.Object, java.lang.Object)'> (0x000000070f45bdf0) 
thrown [./open/src/hotspot/share/interpreter/linkResolver.cpp, line 782]
Event: 3.707 Thread 0x000001c6bbc79d90 Exception <a 'java/lang/NoSuchMethodError'{0x000000070ee3b0b8}: 'void java.lang.invoke.DirectMethodHandle$Holder.invokeInterface(java.lang.Object, java.lang.Object, java.lang.Object)'> (0x000000070ee3b0b8) 
thrown [./open/src/hotspot/share/interpreter/linkResolver.cpp, line 782]
Event: 4.431 Thread 0x000001c6bbc79d90 Exception <a 'java/lang/NoClassDefFoundError'{0x000000070ea46eb0}: org/springframework/jdbc/CannotGetJdbcConnectionException> (0x000000070ea46eb0) 
thrown [./open/src/hotspot/share/classfile/systemDictionary.cpp, line 284]
Event: 4.432 Thread 0x000001c6bbc79d90 Exception <a 'java/lang/NoClassDefFoundError'{0x000000070ea487d8}: javax/validation/ValidationException> (0x000000070ea487d8) 
thrown [./open/src/hotspot/share/classfile/systemDictionary.cpp, line 284]
Event: 4.447 Thread 0x000001c6bbc79d90 Exception <a 'java/lang/NoSuchMethodError'{0x000000070ea82eb0}: 'org.slf4j.impl.StaticMDCBinder org.slf4j.impl.StaticMDCBinder.getSingleton()'> (0x000000070ea82eb0) 
thrown [./open/src/hotspot/share/interpreter/linkResolver.cpp, line 782]
Event: 4.525 Thread 0x000001c6bbc79d90 Exception <a 'java/lang/ClassNotFoundException'{0x000000070ebbd6a8}: java/lang/ObjectCustomizer> (0x000000070ebbd6a8) 
thrown [./open/src/hotspot/share/classfile/systemDictionary.cpp, line 295]
Event: 4.527 Thread 0x000001c6bbc79d90 Exception <a 'java/lang/ClassNotFoundException'{0x000000070ebc3dc0}: org/springframework/context/annotation/ConfigurationClassPostProcessorCustomizer> (0x000000070ebc3dc0) 
thrown [./open/src/hotspot/share/classfile/systemDictionary.cpp, line 295]
Event: 4.529 Thread 0x000001c6bbc79d90 Exception <a 'java/lang/ClassNotFoundException'{0x000000070ebd5080}: org/springframework/beans/factory/support/BeanDefinitionRegistryPostProcessorCustomizer> (0x000000070ebd5080) 
thrown [./open/src/hotspot/share/classfile/systemDictionary.cpp, line 295]
Event: 4.530 Thread 0x000001c6bbc79d90 Exception <a 'java/lang/ClassNotFoundException'{0x000000070ebd8fd0}: org/springframework/beans/factory/config/BeanFactoryPostProcessorCustomizer> (0x000000070ebd8fd0) 
thrown [./open/src/hotspot/share/classfile/systemDictionary.cpp, line 295]
Event: 4.531 Thread 0x000001c6bbc79d90 Exception <a 'java/lang/ClassNotFoundException'{0x000000070ebdca20}: org/springframework/core/PriorityOrderedCustomizer> (0x000000070ebdca20) 
thrown [./open/src/hotspot/share/classfile/systemDictionary.cpp, line 295]
Event: 4.531 Thread 0x000001c6bbc79d90 Exception <a 'java/lang/ClassNotFoundException'{0x000000070ebdf708}: org/springframework/core/OrderedCustomizer> (0x000000070ebdf708) 
thrown [./open/src/hotspot/share/classfile/systemDictionary.cpp, line 295]
Event: 4.532 Thread 0x000001c6bbc79d90 Exception <a 'java/lang/ClassNotFoundException'{0x000000070ebe3198}: org/springframework/context/ResourceLoaderAwareCustomizer> (0x000000070ebe3198) 
thrown [./open/src/hotspot/share/classfile/systemDictionary.cpp, line 295]
Event: 4.532 Thread 0x000001c6bbc79d90 Exception <a 'java/lang/ClassNotFoundException'{0x000000070ebe6de0}: org/springframework/beans/factory/AwareCustomizer> (0x000000070ebe6de0) 
thrown [./open/src/hotspot/share/classfile/systemDictionary.cpp, line 295]
Event: 4.533 Thread 0x000001c6bbc79d90 Exception <a 'java/lang/ClassNotFoundException'{0x000000070ebe9dc0}: org/springframework/beans/factory/BeanClassLoaderAwareCustomizer> (0x000000070ebe9dc0) 
thrown [./open/src/hotspot/share/classfile/systemDictionary.cpp, line 295]
Event: 4.533 Thread 0x000001c6bbc79d90 Exception <a 'java/lang/ClassNotFoundException'{0x000000070ebeda60}: org/springframework/beans/factory/AwareCustomizer> (0x000000070ebeda60) 
thrown [./open/src/hotspot/share/classfile/systemDictionary.cpp, line 295]
Event: 4.534 Thread 0x000001c6bbc79d90 Exception <a 'java/lang/ClassNotFoundException'{0x000000070ebf08c0}: org/springframework/context/EnvironmentAwareCustomizer> (0x000000070ebf08c0) 
thrown [./open/src/hotspot/share/classfile/systemDictionary.cpp, line 295]
Event: 4.534 Thread 0x000001c6bbc79d90 Exception <a 'java/lang/ClassNotFoundException'{0x000000070ebf44d8}: org/springframework/beans/factory/AwareCustomizer> (0x000000070ebf44d8) 
thrown [./open/src/hotspot/share/classfile/systemDictionary.cpp, line 295]
Event: 4.551 Thread 0x000001c6bbc79d90 Exception <a 'java/lang/NoSuchMethodError'{0x000000070e835e70}: 'int java.lang.invoke.DirectMethodHandle$Holder.invokeSpecialIFC(java.lang.Object, java.lang.Object, java.lang.Object, java.lang.Object)'> (0x000000070e835e70) 
thrown [./open/src/hotspot/share/interpreter/linkResolver.cpp, line 782]
Event: 4.701 Thread 0x000001c6bbc79d90 Exception <a 'java/lang/IncompatibleClassChangeError'{0x000000070e500050}: Found class java.lang.Object, but interface was expected> (0x000000070e500050) 
thrown [./open/src/hotspot/share/interpreter/linkResolver.cpp, line 848]
Event: 6.769 Thread 0x000001c6bbc79d90 Implicit null exception at 0x000001c6cbaf78f9 to 0x000001c6cbaf8660

Events (20 events):
Event: 5.561 Executing VM operation: ICBufferFull done
Event: 5.568 Executing VM operation: HandshakeAllThreads
Event: 5.568 Executing VM operation: HandshakeAllThreads done
Event: 6.076 Executing VM operation: ICBufferFull
Event: 6.076 Executing VM operation: ICBufferFull done
Event: 6.445 Executing VM operation: CollectForMetadataAllocation
Event: 6.451 Executing VM operation: CollectForMetadataAllocation done
Event: 6.465 Executing VM operation: G1Concurrent
Event: 6.476 Executing VM operation: G1Concurrent done
Event: 6.477 Executing VM operation: G1Concurrent
Event: 6.478 Executing VM operation: G1Concurrent done
Event: 6.567 Thread 0x000001c6e188ecb0 Thread exited: 0x000001c6e188ecb0
Event: 6.681 Executing VM operation: HandshakeAllThreads
Event: 6.682 Executing VM operation: HandshakeAllThreads done
Event: 7.211 loading class java/util/concurrent/ExecutionException
Event: 7.211 loading class java/util/concurrent/ExecutionException done
Event: 7.214 Executing VM operation: HandshakeAllThreads
Event: 7.214 Executing VM operation: HandshakeAllThreads done
Event: 7.245 loading class java/lang/ClassFormatError
Event: 7.245 loading class java/lang/ClassFormatError done


Dynamic libraries:
0x00007ff6be270000 - 0x00007ff6be27d000 	C:\Users\Sharony Braam\.jdks\openjdk-15\bin\java.exe
0x00007ffd5f310000 - 0x00007ffd5f506000 	C:\Windows\SYSTEM32\ntdll.dll
0x00007ffd5d460000 - 0x00007ffd5d51d000 	C:\Windows\System32\KERNEL32.DLL
0x00007ffd5ce60000 - 0x00007ffd5d128000 	C:\Windows\System32\KERNELBASE.dll
0x00007ffd5a370000 - 0x00007ffd5a400000 	C:\Windows\SYSTEM32\apphelp.dll
0x00007ffd5cd60000 - 0x00007ffd5ce60000 	C:\Windows\System32\ucrtbase.dll
0x00007ffd32bf0000 - 0x00007ffd32c08000 	C:\Users\Sharony Braam\.jdks\openjdk-15\bin\jli.dll
0x00007ffd5ef00000 - 0x00007ffd5f0a0000 	C:\Windows\System32\USER32.dll
0x00007ffd5ca50000 - 0x00007ffd5ca72000 	C:\Windows\System32\win32u.dll
0x00007ffd5d740000 - 0x00007ffd5d76a000 	C:\Windows\System32\GDI32.dll
0x00007ffd5d130000 - 0x00007ffd5d239000 	C:\Windows\System32\gdi32full.dll
0x00007ffd5d2d0000 - 0x00007ffd5d36d000 	C:\Windows\System32\msvcp_win.dll
0x00007ffd35490000 - 0x00007ffd354a9000 	C:\Users\Sharony Braam\.jdks\openjdk-15\bin\VCRUNTIME140.dll
0x00007ffd437f0000 - 0x00007ffd43a8b000 	C:\Windows\WinSxS\amd64_microsoft.windows.common-controls_6595b64144ccf1df_6.0.19041.488_none_ca04af081b815d21\COMCTL32.dll
0x00007ffd5f1d0000 - 0x00007ffd5f26e000 	C:\Windows\System32\msvcrt.dll
0x00007ffd5ebd0000 - 0x00007ffd5ec00000 	C:\Windows\System32\IMM32.DLL
0x00007ffd38c90000 - 0x00007ffd38c9c000 	C:\Users\Sharony Braam\.jdks\openjdk-15\bin\vcruntime140_1.dll
0x00007ffd25e40000 - 0x00007ffd25ed1000 	C:\Users\Sharony Braam\.jdks\openjdk-15\bin\msvcp140.dll
0x00007ffcee780000 - 0x00007ffcef2dc000 	C:\Users\Sharony Braam\.jdks\openjdk-15\bin\server\jvm.dll
0x00007ffd5dca0000 - 0x00007ffd5dd4c000 	C:\Windows\System32\ADVAPI32.dll
0x00007ffd5ee60000 - 0x00007ffd5eefb000 	C:\Windows\System32\sechost.dll
0x00007ffd5d610000 - 0x00007ffd5d734000 	C:\Windows\System32\RPCRT4.dll
0x00007ffd5e410000 - 0x00007ffd5e418000 	C:\Windows\System32\PSAPI.DLL
0x00007ffd5a2e0000 - 0x00007ffd5a2e9000 	C:\Windows\SYSTEM32\WSOCK32.dll
0x00007ffd5dc30000 - 0x00007ffd5dc9b000 	C:\Windows\System32\WS2_32.dll
0x00007ffd53740000 - 0x00007ffd53767000 	C:\Windows\SYSTEM32\WINMM.dll
0x00007ffd55340000 - 0x00007ffd5534a000 	C:\Windows\SYSTEM32\VERSION.dll
0x00007ffd5a980000 - 0x00007ffd5a992000 	C:\Windows\SYSTEM32\kernel.appcore.dll
0x00007ffd381c0000 - 0x00007ffd381ca000 	C:\Users\Sharony Braam\.jdks\openjdk-15\bin\jimage.dll
0x00007ffd520b0000 - 0x00007ffd52294000 	C:\Windows\SYSTEM32\DBGHELP.DLL
0x00007ffd52080000 - 0x00007ffd520ac000 	C:\Windows\SYSTEM32\dbgcore.DLL
0x00007ffd5ca80000 - 0x00007ffd5caff000 	C:\Windows\System32\bcryptPrimitives.dll
0x00007ffd5a2f0000 - 0x00007ffd5a2fe000 	C:\Users\Sharony Braam\.jdks\openjdk-15\bin\instrument.dll
0x00007ffd32bc0000 - 0x00007ffd32be5000 	C:\Users\Sharony Braam\.jdks\openjdk-15\bin\java.dll
0x00007ffd5e420000 - 0x00007ffd5eb61000 	C:\Windows\System32\SHELL32.dll
0x00007ffd5ab80000 - 0x00007ffd5b315000 	C:\Windows\SYSTEM32\windows.storage.dll
0x00007ffd5d770000 - 0x00007ffd5dac5000 	C:\Windows\System32\combase.dll
0x00007ffd5c3f0000 - 0x00007ffd5c41c000 	C:\Windows\SYSTEM32\Wldp.dll
0x00007ffd5dd60000 - 0x00007ffd5de0e000 	C:\Windows\System32\SHCORE.dll
0x00007ffd5f270000 - 0x00007ffd5f2c5000 	C:\Windows\System32\shlwapi.dll
0x00007ffd5c980000 - 0x00007ffd5c9a6000 	C:\Windows\SYSTEM32\profapi.dll
0x00007ffd32990000 - 0x00007ffd329a8000 	C:\Users\Sharony Braam\.jdks\openjdk-15\bin\zip.dll
0x00007ffd329d0000 - 0x00007ffd329e9000 	C:\Users\Sharony Braam\.jdks\openjdk-15\bin\net.dll
0x00007ffd57ba0000 - 0x00007ffd57ca0000 	C:\Windows\SYSTEM32\WINHTTP.dll
0x00007ffd5c1e0000 - 0x00007ffd5c24a000 	C:\Windows\system32\mswsock.dll
0x00007ffd329b0000 - 0x00007ffd329c2000 	C:\Users\Sharony Braam\.jdks\openjdk-15\bin\nio.dll
0x00007ffd5a250000 - 0x00007ffd5a26a000 	C:\Program Files\JetBrains\IntelliJ IDEA Community Edition 2020.2.2\bin\breakgen64.dll
0x00007ffd2ed40000 - 0x00007ffd2ed50000 	C:\Users\Sharony Braam\.jdks\openjdk-15\bin\verify.dll
0x00007ffd5bea0000 - 0x00007ffd5bedb000 	C:\Windows\SYSTEM32\IPHLPAPI.DLL
0x00007ffd5dd50000 - 0x00007ffd5dd58000 	C:\Windows\System32\NSI.dll
0x00007ffd56e20000 - 0x00007ffd56e37000 	C:\Windows\SYSTEM32\dhcpcsvc6.DLL
0x00007ffd56e00000 - 0x00007ffd56e1d000 	C:\Windows\SYSTEM32\dhcpcsvc.DLL
0x00007ffd5bef0000 - 0x00007ffd5bfbb000 	C:\Windows\SYSTEM32\DNSAPI.dll
0x00007ffd504c0000 - 0x00007ffd504ca000 	C:\Windows\System32\rasadhlp.dll
0x00007ffd563d0000 - 0x00007ffd5644f000 	C:\Windows\System32\fwpuclnt.dll
0x00007ffd5d2a0000 - 0x00007ffd5d2c7000 	C:\Windows\System32\bcrypt.dll
0x00007ffd2cc90000 - 0x00007ffd2cc99000 	C:\Users\Sharony Braam\.jdks\openjdk-15\bin\management.dll
0x00007ffd2cb80000 - 0x00007ffd2cb8b000 	C:\Users\Sharony Braam\.jdks\openjdk-15\bin\management_ext.dll
0x00007ffd4a780000 - 0x00007ffd4a797000 	C:\Windows\system32\napinsp.dll
0x00007ffd48df0000 - 0x00007ffd48e0b000 	C:\Windows\system32\pnrpnsp.dll
0x00007ffd3cfc0000 - 0x00007ffd3cfd5000 	C:\Windows\system32\wshbth.dll
0x00007ffd584f0000 - 0x00007ffd5850d000 	C:\Windows\system32\NLAapi.dll
0x00007ffd48080000 - 0x00007ffd48092000 	C:\Windows\System32\winrnr.dll

dbghelp: loaded successfully - version: 4.0.5 - missing functions: none
symbol engine: initialized successfully - sym options: 0x614 - pdb path: .;C:\Users\Sharony Braam\.jdks\openjdk-15\bin;C:\Windows\SYSTEM32;C:\Windows\WinSxS\amd64_microsoft.windows.common-controls_6595b64144ccf1df_6.0.19041.488_none_ca04af081b815d21;C:\Users\Sharony Braam\.jdks\openjdk-15\bin\server;C:\Program Files\JetBrains\IntelliJ IDEA Community Edition 2020.2.2\bin

VM Arguments:
jvm_args: -javaagent:C:\Program Files\JetBrains\IntelliJ IDEA Community Edition 2020.2.2\lib\idea_rt.jar=62789:C:\Program Files\JetBrains\IntelliJ IDEA Community Edition 2020.2.2\bin -Dfile.encoding=UTF-8 
java_command: GamingLads.discoveryserver.DiscoveryServerApplication
java_class_path (initial): D:\Sharony\Documents\School\Semester3\Individueel\System\discovery-server\target\classes;C:\Users\Sharony Braam\.m2\repository\org\springframework\cloud\spring-cloud-starter-netflix-eureka-client\2.2.1.RELEASE\spring-cloud-starter-netflix-eureka-client-2.2.1.RELEASE.jar;C:\Users\Sharony Braam\.m2\repository\org\springframework\cloud\spring-cloud-starter\2.2.1.RELEASE\spring-cloud-starter-2.2.1.RELEASE.jar;C:\Users\Sharony Braam\.m2\repository\org\springframework\cloud\spring-cloud-context\2.2.1.RELEASE\spring-cloud-context-2.2.1.RELEASE.jar;C:\Users\Sharony Braam\.m2\repository\org\springframework\security\spring-security-crypto\5.3.4.RELEASE\spring-security-crypto-5.3.4.RELEASE.jar;C:\Users\Sharony Braam\.m2\repository\org\springframework\cloud\spring-cloud-commons\2.2.1.RELEASE\spring-cloud-commons-2.2.1.RELEASE.jar;C:\Users\Sharony Braam\.m2\repository\org\springframework\security\spring-security-rsa\1.0.9.RELEASE\spring-security-rsa-1.0.9.RELEASE.jar;C:\Users\Sharony Braam\.m2\repository\org\bouncycastle\bcpkix-jdk15on\1.64\bcpkix-jdk15on-1.64.jar;C:\Users\Sharony Braam\.m2\repository\org\bouncycastle\bcprov-jdk15on\1.64\bcprov-jdk15on-1.64.jar;C:\Users\Sharony Braam\.m2\repository\org\springframework\cloud\spring-cloud-netflix-hystrix\2.2.1.RELEASE\spring-cloud-netflix-hystrix-2.2.1.RELEASE.jar;C:\Users\Sharony Braam\.m2\repository\org\springframework\boot\spring-boot-autoconfigure\2.3.4.RELEASE\spring-boot-autoconfigure-2.3.4.RELEASE.jar;C:\Users\Sharony Braam\.m2\repository\org\springframework\boot\spring-boot-starter-aop\2.3.4.RELEASE\spring-boot-starter-aop-2.3.4.RELEASE.jar;C:\Users\Sharony Braam\.m2\repository\org\springframework\spring-aop\5.2.9.RELEASE\spring-aop-5.2.9.RELEASE.jar;C:\Users\Sharony Braam\.m2\repository\org\springframework\spring-beans\5.2.9.RELEASE\spring-beans-5.2.9.RELEASE.jar;C:\Users\Sharony Braam\.m2\repository\org\aspectj\aspectjweaver\1.9.6\aspectjweaver-1.9.6.jar;C:\Users\Sharony Braam\.m2\repository\
Launcher Type: SUN_STANDARD

[Global flags]
     intx CICompilerCount                          = 4                                         {product} {ergonomic}
     uint ConcGCThreads                            = 3                                         {product} {ergonomic}
     uint G1ConcRefinementThreads                  = 10                                        {product} {ergonomic}
   size_t G1HeapRegionSize                         = 2097152                                   {product} {ergonomic}
    uintx GCDrainStackTargetSize                   = 64                                        {product} {ergonomic}
   size_t InitialHeapSize                          = 268435456                                 {product} {ergonomic}
   size_t MarkStackSize                            = 4194304                                   {product} {ergonomic}
   size_t MaxHeapSize                              = 4282384384                                {product} {ergonomic}
   size_t MaxNewSize                               = 2569011200                                {product} {ergonomic}
   size_t MinHeapDeltaBytes                        = 2097152                                   {product} {ergonomic}
   size_t MinHeapSize                              = 8388608                                   {product} {ergonomic}
    uintx NonNMethodCodeHeapSize                   = 5839372                                {pd product} {ergonomic}
    uintx NonProfiledCodeHeapSize                  = 122909434                              {pd product} {ergonomic}
    uintx ProfiledCodeHeapSize                     = 122909434                              {pd product} {ergonomic}
    uintx ReservedCodeCacheSize                    = 251658240                              {pd product} {ergonomic}
     bool SegmentedCodeCache                       = true                                      {product} {ergonomic}
   size_t SoftMaxHeapSize                          = 4282384384                             {manageable} {ergonomic}
     bool UseCompressedClassPointers               = true                                 {lp64_product} {ergonomic}
     bool UseCompressedOops                        = true                                 {lp64_product} {ergonomic}
     bool UseG1GC                                  = true                                      {product} {ergonomic}
     bool UseLargePagesIndividualAllocation        = false                                  {pd product} {ergonomic}

Logging:
Log output configuration:
 #0: stdout all=warning uptime,level,tags
 #1: stderr all=off uptime,level,tags

Environment Variables:
PATH=C:\Windows\system32;C:\Windows;C:\Windows\System32\Wbem;C:\Windows\System32\WindowsPowerShell\v1.0\;C:\Windows\System32\OpenSSH\;C:\Program Files (x86)\NVIDIA Corporation\PhysX\Common;C:\Program Files\NVIDIA Corporation\NVIDIA NvDLISR;C:\Program Files\dotnet\;C:\Program Files\Microsoft SQL Server\130\Tools\Binn\;C:\Program Files\Microsoft SQL Server\Client SDK\ODBC\170\Tools\Binn\;C:\Program Files\Git\cmd;C:\Program Files\nodejs\;C:\Program Files (x86)\Yarn\bin\;C:\Program Files\Docker\Docker\resources\bin;C:\ProgramData\DockerDesktop\version-bin;C:\Users\Sharony Braam\AppData\Local\Microsoft\WindowsApps;;C:\Users\Sharony Braam\AppData\Local\Programs\Microsoft VS Code\bin;C:\Users\Sharony Braam\AppData\Roaming\npm;C:\Users\Sharony Braam\AppData\Local\Yarn\bin
USERNAME=Sharony Braam
OS=Windows_NT
PROCESSOR_IDENTIFIER=AMD64 Family 23 Model 8 Stepping 2, AuthenticAMD



---------------  S Y S T E M  ---------------

OS:
 Windows 10 , 64 bit Build 19041 (10.0.19041.546)
OS uptime: 15 days 21:19 hours
HyperV virtualization detected

CPU: total 12 (initial active 12) (12 cores per cpu, 2 threads per core) family 23 model 8 stepping 2, cmov, cx8, fxsr, mmx, sse, sse2, sse3, ssse3, sse4.1, sse4.2, popcnt, vzeroupper, avx, avx2, aes, clmul, 3dnowpref, lzcnt, sse4a, ht, tsc, tscinvbit, tscinv, bmi1, bmi2, adx, sha, fma, clflush, clflushopt

Memory: 4k page, system-wide physical 16332M (2266M free)
TotalPageFile size 29723M (AvailPageFile size 5M)
current process WorkingSet (physical memory assigned to process): 156M, peak: 191M
current process commit charge ("private bytes"): 228M, peak: 439M

vm_info: OpenJDK 64-Bit Server VM (15+36-1562) for windows-amd64 JRE (15+36-1562), built on Aug 11 2020 22:33:04 by "mach5one" with unknown MS VC++:1925

END.
